2024-03-20T15:00:11.349+08:00  INFO 20108 --- [main] com.shen.SpringbootLogApplication        : Starting SpringbootLogApplication using Java 21.0.1 with PID 20108 (D:\Java学习\spring-learning\springboot-log\target\classes started by 申宇强 in D:\Java学习\spring-learning\springboot-log)
2024-03-20T15:00:11.350+08:00  INFO 20108 --- [main] com.shen.SpringbootLogApplication        : No active profile set, falling back to 1 default profile: "default"
2024-03-20T15:00:12.055+08:00  INFO 20108 --- [main] o.s.b.w.embedded.tomcat.TomcatWebServer  : Tomcat initialized with port(s): 8080 (http)
2024-03-20T15:00:12.056+08:00  INFO 20108 --- [main] o.a.catalina.core.AprLifecycleListener   : Loaded Apache Tomcat Native library [2.0.6] using APR version [1.7.4].
2024-03-20T15:00:12.061+08:00  INFO 20108 --- [main] o.a.catalina.core.AprLifecycleListener   : OpenSSL successfully initialized [OpenSSL 3.0.11 19 Sep 2023]
2024-03-20T15:00:12.069+08:00  INFO 20108 --- [main] o.apache.catalina.core.StandardService   : Starting service [Tomcat]
2024-03-20T15:00:12.069+08:00  INFO 20108 --- [main] o.apache.catalina.core.StandardEngine    : Starting Servlet engine: [Apache Tomcat/10.1.11]
2024-03-20T15:00:12.137+08:00  INFO 20108 --- [main] o.a.c.c.C.[Tomcat].[localhost].[/]       : Initializing Spring embedded WebApplicationContext
2024-03-20T15:00:12.137+08:00  INFO 20108 --- [main] w.s.c.ServletWebServerApplicationContext : Root WebApplicationContext: initialization completed in 744 ms
2024-03-20T15:00:12.178+08:00  INFO 20108 --- [main] com.shen.Controller.TestController       : 我是日志信息
2024-03-20T15:00:12.380+08:00  WARN 20108 --- [main] ion$DefaultTemplateResolverConfiguration : Cannot find template location: classpath:/templates/ (please add some templates, check your Thymeleaf configuration, or set spring.thymeleaf.check-template-location=false)
2024-03-20T15:00:12.493+08:00  INFO 20108 --- [main] o.s.s.web.DefaultSecurityFilterChain     : Will secure any request with [org.springframework.security.web.session.DisableEncodeUrlFilter@66749eea, org.springframework.security.web.context.request.async.WebAsyncManagerIntegrationFilter@7135ce0a, org.springframework.security.web.context.SecurityContextHolderFilter@7f97bc14, org.springframework.security.web.header.HeaderWriterFilter@383cb5ce, org.springframework.security.web.csrf.CsrfFilter@76437e9b, org.springframework.security.web.authentication.logout.LogoutFilter@498c535d, org.springframework.security.web.authentication.UsernamePasswordAuthenticationFilter@467045c4, org.springframework.security.web.authentication.ui.DefaultLoginPageGeneratingFilter@7f3fc42f, org.springframework.security.web.authentication.ui.DefaultLogoutPageGeneratingFilter@617449dd, org.springframework.security.web.authentication.www.BasicAuthenticationFilter@2a87ba34, org.springframework.security.web.savedrequest.RequestCacheAwareFilter@3434a4f0, org.springframework.security.web.servletapi.SecurityContextHolderAwareRequestFilter@4f820f42, org.springframework.security.web.authentication.AnonymousAuthenticationFilter@2e590b, org.springframework.security.web.access.ExceptionTranslationFilter@230a73f2, org.springframework.security.web.access.intercept.AuthorizationFilter@6d963d70]
2024-03-20T15:00:12.535+08:00  INFO 20108 --- [main] o.s.b.w.embedded.tomcat.TomcatWebServer  : Tomcat started on port(s): 8080 (http) with context path ''
2024-03-20T15:00:12.542+08:00  INFO 20108 --- [main] com.shen.SpringbootLogApplication        : Started SpringbootLogApplication in 1.632 seconds (process running for 2.155)
2024-03-20T15:04:15.417+08:00  INFO 1448 --- [main] com.shen.SpringbootLogApplication        : Starting SpringbootLogApplication using Java 21.0.1 with PID 1448 (D:\Java学习\spring-learning\springboot-log\target\classes started by 申宇强 in D:\Java学习\spring-learning\springboot-log)
2024-03-20T15:04:15.419+08:00  INFO 1448 --- [main] com.shen.SpringbootLogApplication        : No active profile set, falling back to 1 default profile: "default"
2024-03-20T15:04:16.285+08:00  INFO 1448 --- [main] o.s.b.w.embedded.tomcat.TomcatWebServer  : Tomcat initialized with port(s): 8080 (http)
2024-03-20T15:04:16.286+08:00  INFO 1448 --- [main] o.a.catalina.core.AprLifecycleListener   : Loaded Apache Tomcat Native library [2.0.6] using APR version [1.7.4].
2024-03-20T15:04:16.293+08:00  INFO 1448 --- [main] o.a.catalina.core.AprLifecycleListener   : OpenSSL successfully initialized [OpenSSL 3.0.11 19 Sep 2023]
2024-03-20T15:04:16.304+08:00  INFO 1448 --- [main] o.apache.catalina.core.StandardService   : Starting service [Tomcat]
2024-03-20T15:04:16.304+08:00  INFO 1448 --- [main] o.apache.catalina.core.StandardEngine    : Starting Servlet engine: [Apache Tomcat/10.1.11]
2024-03-20T15:04:16.392+08:00  INFO 1448 --- [main] o.a.c.c.C.[Tomcat].[localhost].[/]       : Initializing Spring embedded WebApplicationContext
2024-03-20T15:04:16.393+08:00  INFO 1448 --- [main] w.s.c.ServletWebServerApplicationContext : Root WebApplicationContext: initialization completed in 922 ms
2024-03-20T15:04:16.750+08:00  WARN 1448 --- [main] ion$DefaultTemplateResolverConfiguration : Cannot find template location: classpath:/templates/ (please add some templates, check your Thymeleaf configuration, or set spring.thymeleaf.check-template-location=false)
2024-03-20T15:04:16.910+08:00  INFO 1448 --- [main] o.s.s.web.DefaultSecurityFilterChain     : Will secure any request with [org.springframework.security.web.session.DisableEncodeUrlFilter@467045c4, org.springframework.security.web.context.request.async.WebAsyncManagerIntegrationFilter@55736cfe, org.springframework.security.web.context.SecurityContextHolderFilter@7af0affa, org.springframework.security.web.header.HeaderWriterFilter@5e7abaf7, org.springframework.security.web.csrf.CsrfFilter@61e86192, org.springframework.security.web.authentication.logout.LogoutFilter@6c33da7a, org.springframework.security.web.authentication.UsernamePasswordAuthenticationFilter@59d0cdb6, org.springframework.security.web.authentication.ui.DefaultLoginPageGeneratingFilter@798deee8, org.springframework.security.web.authentication.ui.DefaultLogoutPageGeneratingFilter@5a566922, org.springframework.security.web.authentication.www.BasicAuthenticationFilter@43da0955, org.springframework.security.web.savedrequest.RequestCacheAwareFilter@3e1f1046, org.springframework.security.web.servletapi.SecurityContextHolderAwareRequestFilter@5b251fb9, org.springframework.security.web.authentication.AnonymousAuthenticationFilter@6f7a2a5, org.springframework.security.web.access.ExceptionTranslationFilter@46320c9a, org.springframework.security.web.access.intercept.AuthorizationFilter@7a1a3468]
2024-03-20T15:04:16.968+08:00  INFO 1448 --- [main] o.s.b.w.embedded.tomcat.TomcatWebServer  : Tomcat started on port(s): 8080 (http) with context path ''
2024-03-20T15:04:16.977+08:00  INFO 1448 --- [main] com.shen.SpringbootLogApplication        : Started SpringbootLogApplication in 2.153 seconds (process running for 2.833)
2024-03-20T15:04:28.865+08:00  INFO 1448 --- [http-nio-8080-exec-1] o.a.c.c.C.[Tomcat].[localhost].[/]       : Initializing Spring DispatcherServlet 'dispatcherServlet'
2024-03-20T15:04:28.866+08:00  INFO 1448 --- [http-nio-8080-exec-1] o.s.web.servlet.DispatcherServlet        : Initializing Servlet 'dispatcherServlet'
2024-03-20T15:04:28.867+08:00  INFO 1448 --- [http-nio-8080-exec-1] o.s.web.servlet.DispatcherServlet        : Completed initialization in 1 ms
2024-03-20T15:04:34.170+08:00  INFO 1448 --- [http-nio-8080-exec-6] com.shen.Controller.TestController       : 访问了测试接口
2024-03-20T15:04:34.355+08:00  WARN 1448 --- [http-nio-8080-exec-7] o.s.web.servlet.PageNotFound             : No mapping for GET /favicon.ico
2024-03-20T15:06:51.169+08:00  INFO 13576 --- [main] com.shen.SpringbootLogApplication        : Starting SpringbootLogApplication using Java 21.0.1 with PID 13576 (D:\Java学习\spring-learning\springboot-log\target\classes started by 申宇强 in D:\Java学习\spring-learning\springboot-log)
2024-03-20T15:06:51.170+08:00  INFO 13576 --- [main] com.shen.SpringbootLogApplication        : No active profile set, falling back to 1 default profile: "default"
2024-03-20T15:06:52.252+08:00  INFO 13576 --- [main] o.s.b.w.embedded.tomcat.TomcatWebServer  : Tomcat initialized with port(s): 8080 (http)
2024-03-20T15:06:52.253+08:00  INFO 13576 --- [main] o.a.catalina.core.AprLifecycleListener   : Loaded Apache Tomcat Native library [2.0.6] using APR version [1.7.4].
2024-03-20T15:06:52.260+08:00  INFO 13576 --- [main] o.a.catalina.core.AprLifecycleListener   : OpenSSL successfully initialized [OpenSSL 3.0.11 19 Sep 2023]
2024-03-20T15:06:52.271+08:00  INFO 13576 --- [main] o.apache.catalina.core.StandardService   : Starting service [Tomcat]
2024-03-20T15:06:52.271+08:00  INFO 13576 --- [main] o.apache.catalina.core.StandardEngine    : Starting Servlet engine: [Apache Tomcat/10.1.11]
2024-03-20T15:06:52.363+08:00  INFO 13576 --- [main] o.a.c.c.C.[Tomcat].[localhost].[/]       : Initializing Spring embedded WebApplicationContext
2024-03-20T15:06:52.363+08:00  INFO 13576 --- [main] w.s.c.ServletWebServerApplicationContext : Root WebApplicationContext: initialization completed in 1137 ms
2024-03-20T15:06:52.709+08:00  WARN 13576 --- [main] ion$DefaultTemplateResolverConfiguration : Cannot find template location: classpath:/templates/ (please add some templates, check your Thymeleaf configuration, or set spring.thymeleaf.check-template-location=false)
2024-03-20T15:06:52.862+08:00  INFO 13576 --- [main] o.s.s.web.DefaultSecurityFilterChain     : Will secure any request with [org.springframework.security.web.session.DisableEncodeUrlFilter@1ac730cd, org.springframework.security.web.context.request.async.WebAsyncManagerIntegrationFilter@668cc9a2, org.springframework.security.web.context.SecurityContextHolderFilter@5e180aaf, org.springframework.security.web.header.HeaderWriterFilter@42ed89da, org.springframework.security.web.csrf.CsrfFilter@6e243175, org.springframework.security.web.authentication.logout.LogoutFilter@3ca14cf4, org.springframework.security.web.authentication.UsernamePasswordAuthenticationFilter@10f477e2, org.springframework.security.web.authentication.ui.DefaultLoginPageGeneratingFilter@1df5c7e3, org.springframework.security.web.authentication.ui.DefaultLogoutPageGeneratingFilter@5aa62ee7, org.springframework.security.web.authentication.www.BasicAuthenticationFilter@38588dea, org.springframework.security.web.savedrequest.RequestCacheAwareFilter@44592c39, org.springframework.security.web.servletapi.SecurityContextHolderAwareRequestFilter@66749eea, org.springframework.security.web.authentication.AnonymousAuthenticationFilter@1f7cec93, org.springframework.security.web.access.ExceptionTranslationFilter@5a566922, org.springframework.security.web.access.intercept.AuthorizationFilter@eed890d]
2024-03-20T15:06:52.913+08:00  INFO 13576 --- [main] o.s.b.w.embedded.tomcat.TomcatWebServer  : Tomcat started on port(s): 8080 (http) with context path ''
2024-03-20T15:06:52.924+08:00  INFO 13576 --- [main] com.shen.SpringbootLogApplication        : Started SpringbootLogApplication in 2.337 seconds (process running for 3.037)
